<?xml version="1.0" encoding="UTF-8"?>
<testsuite name="testtooltip" errors="1" failures="1" skipped="35" hostname="FLR1622"
           timestamp="2016-03-31T09:12:16"
           tests="2"
           time="12.292">
   <testcase classname="RanorexTestReport.SImpleTranslationEnFr"
             name="SImpleTranslationEnFr"
             time="9.999"/>
   <testcase classname="RanorexTestReport.SelectHistoryIsPresent"
             name="SelectHistoryIsPresent"
             time="2.247">
      <failure message="Module ValidateHistoryIsPresent placed in Setup/Teardown reports --&gt; The test run has been aborted by the user."/>
   </testcase>
   <testcase classname="RanorexTestReport.Minimize_Zoom" name="Minimize_Zoom" time="0.e-03">
      <skipped message="Testcase skipped!"/>
   </testcase>
   <testcase classname="RanorexTestReport.Maximize_Zoom" name="Maximize_Zoom" time="0.e-03">
      <skipped message="Testcase skipped!"/>
   </testcase>
   <testcase classname="RanorexTestReport.SimpleTranslationWithoutProfile"
             name="SimpleTranslationWithoutProfile"
             time="0.e-03">
      <skipped message="Testcase skipped!"/>
   </testcase>
   <testcase classname="RanorexTestReport.VerticalLayoutIsPresent"
             name="VerticalLayoutIsPresent"
             time="1.e-03">
      <skipped message="Testcase skipped!"/>
   </testcase>
   <testcase classname="RanorexTestReport.HorizontalLayoutIsPresent"
             name="HorizontalLayoutIsPresent"
             time="0.e-03">
      <skipped message="Testcase skipped!"/>
   </testcase>
   <testcase classname="RanorexTestReport.CopyTargetTextIcon" name="CopyTargetTextIcon"
             time="1.e-03">
      <skipped message="Testcase skipped!"/>
   </testcase>
   <testcase classname="RanorexTestReport.EditTargetEditor" name="EditTargetEditor"
             time="0.e-03">
      <skipped message="Testcase skipped!"/>
   </testcase>
   <testcase classname="RanorexTestReport.EndEditTargetEditor" name="EndEditTargetEditor"
             time="0.e-03">
      <skipped message="Testcase skipped!"/>
   </testcase>
   <testcase classname="RanorexTestReport.CopyTextFromTargetArea"
             name="CopyTextFromTargetArea"
             time="0.e-03">
      <skipped message="Testcase skipped!"/>
   </testcase>
   <testcase classname="RanorexTestReport.CopyEditedTextFromTargetField"
             name="CopyEditedTextFromTargetField"
             time="0.e-03">
      <skipped message="Testcase skipped!"/>
   </testcase>
   <testcase classname="RanorexTestReport.Text_Translation_With_Translation_Memory"
             name="Text_Translation_With_Translation_Memory"
             time="1.e-03">
      <skipped message="Testcase skipped!"/>
   </testcase>
   <testcase classname="RanorexTestReport.Text_Translation_With_Normalization"
             name="Text_Translation_With_Normalization"
             time="0.e-03">
      <skipped message="Testcase skipped!"/>
   </testcase>
   <testcase classname="RanorexTestReport.Text_Translation_With_UserDict"
             name="Text_Translation_With_UserDict"
             time="1.e-03">
      <skipped message="Testcase skipped!"/>
   </testcase>
   <testcase classname="RanorexTestReport.Create_User_Dictionary"
             name="Create_User_Dictionary"
             time="0.e-03">
      <skipped message="Testcase skipped!"/>
   </testcase>
   <testcase classname="RanorexTestReport.Add_Element_On_User_Dictionary"
             name="Add_Element_On_User_Dictionary"
             time="0.e-03">
      <skipped message="Testcase skipped!"/>
   </testcase>
   <testcase classname="RanorexTestReport.Delete_User_Dictionary"
             name="Delete_User_Dictionary"
             time="0.e-03">
      <skipped message="Testcase skipped!"/>
   </testcase>
   <testcase classname="RanorexTestReport.Create_Translation_Memory"
             name="Create_Translation_Memory"
             time="0.e-03">
      <skipped message="Testcase skipped!"/>
   </testcase>
   <testcase classname="RanorexTestReport.Add_Entry_Translation_Memory"
             name="Add_Entry_Translation_Memory"
             time="0.e-03">
      <skipped message="Testcase skipped!"/>
   </testcase>
   <testcase classname="RanorexTestReport.Delete_Translation_Memory"
             name="Delete_Translation_Memory"
             time="0.e-03">
      <skipped message="Testcase skipped!"/>
   </testcase>
   <testcase classname="RanorexTestReport.Create_Normalize_Dict"
             name="Create_Normalize_Dict"
             time="0.e-03">
      <skipped message="Testcase skipped!"/>
   </testcase>
   <testcase classname="RanorexTestReport.Add_Entry_Normalize_Dict"
             name="Add_Entry_Normalize_Dict"
             time="0.e-03">
      <skipped message="Testcase skipped!"/>
   </testcase>
   <testcase classname="RanorexTestReport.Delete_Normalize_Dict"
             name="Delete_Normalize_Dict"
             time="0.e-03">
      <skipped message="Testcase skipped!"/>
   </testcase>
   <testcase classname="RanorexTestReport.Publish_User_dictionary"
             name="Publish_User_dictionary"
             time="1.e-03">
      <skipped message="Testcase skipped!"/>
   </testcase>
   <testcase classname="RanorexTestReport.Publish_user_Normalization"
             name="Publish_user_Normalization"
             time="0.e-03">
      <skipped message="Testcase skipped!"/>
   </testcase>
   <testcase classname="RanorexTestReport.Publish_User_Translation_Memory"
             name="Publish_User_Translation_Memory"
             time="0.e-03">
      <skipped message="Testcase skipped!"/>
   </testcase>
   <testcase classname="RanorexTestReport.Export_User_Dictionary"
             name="Export_User_Dictionary"
             time="0.e-03">
      <skipped message="Testcase skipped!"/>
   </testcase>
   <testcase classname="RanorexTestReport.Export_Translation_Memory"
             name="Export_Translation_Memory"
             time="0.e-03">
      <skipped message="Testcase skipped!"/>
   </testcase>
   <testcase classname="RanorexTestReport.Export_User_Normalization"
             name="Export_User_Normalization"
             time="0.e-03">
      <skipped message="Testcase skipped!"/>
   </testcase>
   <testcase classname="RanorexTestReport.Importing_User_Dict_TM_Norm"
             name="Importing_User_Dict_TM_Norm"
             time="0.e-03">
      <skipped message="Testcase skipped!"/>
   </testcase>
   <testcase classname="RanorexTestReport.Verify_Profile_page" name="Verify_Profile_page"
             time="0.e-03">
      <skipped message="Testcase skipped!"/>
   </testcase>
   <testcase classname="RanorexTestReport.Profile_with_TM" name="Profile_with_TM"
             time="0.e-03">
      <skipped message="Testcase skipped!"/>
   </testcase>
   <testcase classname="RanorexTestReport.Profile_With_UserDict"
             name="Profile_With_UserDict"
             time="0.e-03">
      <skipped message="Testcase skipped!"/>
   </testcase>
   <testcase classname="RanorexTestReport.Profile_With_UserDict_And_TM"
             name="Profile_With_UserDict_And_TM"
             time="1.e-03">
      <skipped message="Testcase skipped!"/>
   </testcase>
   <testcase classname="RanorexTestReport.Profile_With_Existing_Readonly_ProfileId"
             name="Profile_With_Existing_Readonly_ProfileId"
             time="0.e-03">
      <skipped message="Testcase skipped!"/>
   </testcase>
   <testcase classname="RanorexTestReport.Profile_With_Existing_ProfileId"
             name="Profile_With_Existing_ProfileId"
             time="0.e-03">
      <skipped message="Testcase skipped!"/>
   </testcase>
</testsuite>